{
  "stats": {
    "suites": 1,
    "tests": 7,
    "passes": 7,
    "pending": 0,
    "failures": 0,
    "start": "2022-08-15T08:26:34.970Z",
    "end": "2022-08-15T08:27:51.718Z",
    "duration": 76748,
    "testsRegistered": 7,
    "passPercent": 100,
    "pendingPercent": 0,
    "other": 0,
    "hasOther": false,
    "skipped": 0,
    "hasSkipped": false
  },
  "results": [
    {
      "uuid": "63cbf7ab-fb1f-4e9e-9704-8dc7b11e5183",
      "title": "",
      "fullFile": "cypress\\e2e\\features\\theContact(contactPg).feature",
      "file": "cypress\\e2e\\features\\theContact(contactPg).feature",
      "beforeHooks": [],
      "afterHooks": [],
      "tests": [],
      "suites": [
        {
          "uuid": "6566d966-d4a5-4b8a-94d0-a27e48743c4a",
          "title": "Contact with telnyx Experts",
          "fullFile": "",
          "file": "",
          "beforeHooks": [],
          "afterHooks": [],
          "tests": [
            {
              "title": "Click on accept button, if exist",
              "fullTitle": "Contact with telnyx Experts Click on accept button, if exist",
              "timedOut": null,
              "duration": 7856,
              "state": "passed",
              "speed": "medium",
              "pass": true,
              "fail": false,
              "pending": false,
              "context": null,
              "code": "var _a2, _b, _c, _d, _e;\nconst { remainingSteps, testCaseStartedId } = retrieveInternalProperties();\n(0, registry_1.assignRegistry)(registry2);\nmessages.stack.push({\n  testCaseStarted: {\n    id: testCaseStartedId,\n    testCaseId,\n    attempt: attempt++,\n    timestamp: createTimestamp()\n  }\n});\nwindow.testState = {\n  gherkinDocument,\n  pickles,\n  pickle\n};\nfor (const step of steps) {\n  if (step.hook) {\n    const hook = step.hook;\n    cy.then(() => {\n      Cypress.log({\n        name: \"step\",\n        displayName: hook.keyword,\n        message: \"\"\n      });\n      const start = createTimestamp();\n      messages.stack.push({\n        testStepStarted: {\n          testStepId: hook.id,\n          testCaseStartedId,\n          timestamp: start\n        }\n      });\n      if (messages.enabled) {\n        cy.task(constants_1.TASK_TEST_STEP_STARTED, hook.id, { log: false });\n      }\n      return cy.wrap(start, { log: false });\n    }).then((start) => {\n      registry2.runHook(this, hook);\n      return cy.wrap(start, { log: false });\n    }).then((start) => {\n      const end = createTimestamp();\n      messages.stack.push({\n        testStepFinished: {\n          testStepId: hook.id,\n          testCaseStartedId,\n          testStepResult: {\n            status: Status.Passed,\n            duration: duration(start, end)\n          },\n          timestamp: end\n        }\n      });\n      remainingSteps.shift();\n    });\n  } else if (step.pickleStep) {\n    const pickleStep = step.pickleStep;\n    const text = (0, assertions_1.assertAndReturn)(pickleStep.text, \"Expected pickle step to have a text\");\n    const scenarioStep = (0, assertions_1.assertAndReturn)(astIdMap.get((0, assertions_1.assertAndReturn)((_a2 = pickleStep.astNodeIds) === null || _a2 === void 0 ? void 0 : _a2[0], \"Expected to find at least one astNodeId\")), `Expected to find scenario step associated with id = ${(_b = pickleStep.astNodeIds) === null || _b === void 0 ? void 0 : _b[0]}`);\n    cy.then(() => {\n      Cypress.log({\n        name: \"step\",\n        displayName: (0, assertions_1.assertAndReturn)(\"keyword\" in scenarioStep && scenarioStep.keyword, \"Expected to find a keyword in the scenario step\"),\n        message: text\n      });\n    });\n    const argument = ((_c = pickleStep.argument) === null || _c === void 0 ? void 0 : _c.dataTable) ? new data_table_1.default(pickleStep.argument.dataTable) : ((_e = (_d = pickleStep.argument) === null || _d === void 0 ? void 0 : _d.docString) === null || _e === void 0 ? void 0 : _e.content) ? pickleStep.argument.docString.content : void 0;\n    cy.then(() => {\n      internalProperties.currentStep = { pickleStep };\n      const start = createTimestamp();\n      messages.stack.push({\n        testStepStarted: {\n          testStepId: pickleStep.id,\n          testCaseStartedId,\n          timestamp: start\n        }\n      });\n      if (messages.enabled) {\n        cy.task(constants_1.TASK_TEST_STEP_STARTED, pickleStep.id, { log: false });\n      }\n      return cy.wrap(start, { log: false });\n    }).then((start) => {\n      const ensureChain = (value) => Cypress.isCy(value) ? value : cy.wrap(value, { log: false });\n      try {\n        return ensureChain(registry2.runStepDefininition(this, text, argument)).then((result) => {\n          return {\n            start,\n            result\n          };\n        });\n      } catch (e) {\n        if (e instanceof registry_1.MissingDefinitionError) {\n          throw new Error(createMissingStepDefinitionMessage(context, text));\n        } else {\n          throw e;\n        }\n      }\n    }).then(({ start, result }) => {\n      var _a3, _b2, _c2;\n      const end = createTimestamp();\n      if (result === \"pending\") {\n        messages.stack.push({\n          testStepFinished: {\n            testStepId: pickleStep.id,\n            testCaseStartedId,\n            testStepResult: {\n              status: Status.Pending,\n              duration: duration(start, end)\n            },\n            timestamp: end\n          }\n        });\n        remainingSteps.shift();\n        for (const skippedStep of remainingSteps) {\n          const testStepId = (0, assertions_1.assertAndReturn)((_b2 = (_a3 = skippedStep.hook) === null || _a3 === void 0 ? void 0 : _a3.id) !== null && _b2 !== void 0 ? _b2 : (_c2 = skippedStep.pickleStep) === null || _c2 === void 0 ? void 0 : _c2.id, \"Expected a step to either be a hook or a pickleStep\");\n          messages.stack.push({\n            testStepStarted: {\n              testStepId,\n              testCaseStartedId,\n              timestamp: createTimestamp()\n            }\n          });\n          messages.stack.push({\n            testStepFinished: {\n              testStepId,\n              testCaseStartedId,\n              testStepResult: {\n                status: Status.Skipped,\n                duration: {\n                  seconds: 0,\n                  nanos: 0\n                }\n              },\n              timestamp: createTimestamp()\n            }\n          });\n        }\n        for (let i = 0, count = remainingSteps.length; i < count; i++) {\n          remainingSteps.pop();\n        }\n        this.skip();\n      } else {\n        messages.stack.push({\n          testStepFinished: {\n            testStepId: pickleStep.id,\n            testCaseStartedId,\n            testStepResult: {\n              status: Status.Passed,\n              duration: duration(start, end)\n            },\n            timestamp: end\n          }\n        });\n        remainingSteps.shift();\n      }\n    });\n  }\n}",
              "err": {},
              "uuid": "b47796b4-411f-419d-b30a-c2cf6cddb7e1",
              "parentUUID": "6566d966-d4a5-4b8a-94d0-a27e48743c4a",
              "isHook": false,
              "skipped": false
            },
            {
              "title": "TC#10 Submit \"contact to expert\" info with empty inputs",
              "fullTitle": "Contact with telnyx Experts TC#10 Submit \"contact to expert\" info with empty inputs",
              "timedOut": null,
              "duration": 10398,
              "state": "passed",
              "speed": "slow",
              "pass": true,
              "fail": false,
              "pending": false,
              "context": null,
              "code": "var _a2, _b, _c, _d, _e;\nconst { remainingSteps, testCaseStartedId } = retrieveInternalProperties();\n(0, registry_1.assignRegistry)(registry2);\nmessages.stack.push({\n  testCaseStarted: {\n    id: testCaseStartedId,\n    testCaseId,\n    attempt: attempt++,\n    timestamp: createTimestamp()\n  }\n});\nwindow.testState = {\n  gherkinDocument,\n  pickles,\n  pickle\n};\nfor (const step of steps) {\n  if (step.hook) {\n    const hook = step.hook;\n    cy.then(() => {\n      Cypress.log({\n        name: \"step\",\n        displayName: hook.keyword,\n        message: \"\"\n      });\n      const start = createTimestamp();\n      messages.stack.push({\n        testStepStarted: {\n          testStepId: hook.id,\n          testCaseStartedId,\n          timestamp: start\n        }\n      });\n      if (messages.enabled) {\n        cy.task(constants_1.TASK_TEST_STEP_STARTED, hook.id, { log: false });\n      }\n      return cy.wrap(start, { log: false });\n    }).then((start) => {\n      registry2.runHook(this, hook);\n      return cy.wrap(start, { log: false });\n    }).then((start) => {\n      const end = createTimestamp();\n      messages.stack.push({\n        testStepFinished: {\n          testStepId: hook.id,\n          testCaseStartedId,\n          testStepResult: {\n            status: Status.Passed,\n            duration: duration(start, end)\n          },\n          timestamp: end\n        }\n      });\n      remainingSteps.shift();\n    });\n  } else if (step.pickleStep) {\n    const pickleStep = step.pickleStep;\n    const text = (0, assertions_1.assertAndReturn)(pickleStep.text, \"Expected pickle step to have a text\");\n    const scenarioStep = (0, assertions_1.assertAndReturn)(astIdMap.get((0, assertions_1.assertAndReturn)((_a2 = pickleStep.astNodeIds) === null || _a2 === void 0 ? void 0 : _a2[0], \"Expected to find at least one astNodeId\")), `Expected to find scenario step associated with id = ${(_b = pickleStep.astNodeIds) === null || _b === void 0 ? void 0 : _b[0]}`);\n    cy.then(() => {\n      Cypress.log({\n        name: \"step\",\n        displayName: (0, assertions_1.assertAndReturn)(\"keyword\" in scenarioStep && scenarioStep.keyword, \"Expected to find a keyword in the scenario step\"),\n        message: text\n      });\n    });\n    const argument = ((_c = pickleStep.argument) === null || _c === void 0 ? void 0 : _c.dataTable) ? new data_table_1.default(pickleStep.argument.dataTable) : ((_e = (_d = pickleStep.argument) === null || _d === void 0 ? void 0 : _d.docString) === null || _e === void 0 ? void 0 : _e.content) ? pickleStep.argument.docString.content : void 0;\n    cy.then(() => {\n      internalProperties.currentStep = { pickleStep };\n      const start = createTimestamp();\n      messages.stack.push({\n        testStepStarted: {\n          testStepId: pickleStep.id,\n          testCaseStartedId,\n          timestamp: start\n        }\n      });\n      if (messages.enabled) {\n        cy.task(constants_1.TASK_TEST_STEP_STARTED, pickleStep.id, { log: false });\n      }\n      return cy.wrap(start, { log: false });\n    }).then((start) => {\n      const ensureChain = (value) => Cypress.isCy(value) ? value : cy.wrap(value, { log: false });\n      try {\n        return ensureChain(registry2.runStepDefininition(this, text, argument)).then((result) => {\n          return {\n            start,\n            result\n          };\n        });\n      } catch (e) {\n        if (e instanceof registry_1.MissingDefinitionError) {\n          throw new Error(createMissingStepDefinitionMessage(context, text));\n        } else {\n          throw e;\n        }\n      }\n    }).then(({ start, result }) => {\n      var _a3, _b2, _c2;\n      const end = createTimestamp();\n      if (result === \"pending\") {\n        messages.stack.push({\n          testStepFinished: {\n            testStepId: pickleStep.id,\n            testCaseStartedId,\n            testStepResult: {\n              status: Status.Pending,\n              duration: duration(start, end)\n            },\n            timestamp: end\n          }\n        });\n        remainingSteps.shift();\n        for (const skippedStep of remainingSteps) {\n          const testStepId = (0, assertions_1.assertAndReturn)((_b2 = (_a3 = skippedStep.hook) === null || _a3 === void 0 ? void 0 : _a3.id) !== null && _b2 !== void 0 ? _b2 : (_c2 = skippedStep.pickleStep) === null || _c2 === void 0 ? void 0 : _c2.id, \"Expected a step to either be a hook or a pickleStep\");\n          messages.stack.push({\n            testStepStarted: {\n              testStepId,\n              testCaseStartedId,\n              timestamp: createTimestamp()\n            }\n          });\n          messages.stack.push({\n            testStepFinished: {\n              testStepId,\n              testCaseStartedId,\n              testStepResult: {\n                status: Status.Skipped,\n                duration: {\n                  seconds: 0,\n                  nanos: 0\n                }\n              },\n              timestamp: createTimestamp()\n            }\n          });\n        }\n        for (let i = 0, count = remainingSteps.length; i < count; i++) {\n          remainingSteps.pop();\n        }\n        this.skip();\n      } else {\n        messages.stack.push({\n          testStepFinished: {\n            testStepId: pickleStep.id,\n            testCaseStartedId,\n            testStepResult: {\n              status: Status.Passed,\n              duration: duration(start, end)\n            },\n            timestamp: end\n          }\n        });\n        remainingSteps.shift();\n      }\n    });\n  }\n}",
              "err": {},
              "uuid": "2db5e3ec-0934-4047-bd8a-3d976c1fd24e",
              "parentUUID": "6566d966-d4a5-4b8a-94d0-a27e48743c4a",
              "isHook": false,
              "skipped": false
            },
            {
              "title": "TC#11 Submit \"contact to expert\" info with completed inputs",
              "fullTitle": "Contact with telnyx Experts TC#11 Submit \"contact to expert\" info with completed inputs",
              "timedOut": null,
              "duration": 15384,
              "state": "passed",
              "speed": "slow",
              "pass": true,
              "fail": false,
              "pending": false,
              "context": null,
              "code": "var _a2, _b, _c, _d, _e;\nconst { remainingSteps, testCaseStartedId } = retrieveInternalProperties();\n(0, registry_1.assignRegistry)(registry2);\nmessages.stack.push({\n  testCaseStarted: {\n    id: testCaseStartedId,\n    testCaseId,\n    attempt: attempt++,\n    timestamp: createTimestamp()\n  }\n});\nwindow.testState = {\n  gherkinDocument,\n  pickles,\n  pickle\n};\nfor (const step of steps) {\n  if (step.hook) {\n    const hook = step.hook;\n    cy.then(() => {\n      Cypress.log({\n        name: \"step\",\n        displayName: hook.keyword,\n        message: \"\"\n      });\n      const start = createTimestamp();\n      messages.stack.push({\n        testStepStarted: {\n          testStepId: hook.id,\n          testCaseStartedId,\n          timestamp: start\n        }\n      });\n      if (messages.enabled) {\n        cy.task(constants_1.TASK_TEST_STEP_STARTED, hook.id, { log: false });\n      }\n      return cy.wrap(start, { log: false });\n    }).then((start) => {\n      registry2.runHook(this, hook);\n      return cy.wrap(start, { log: false });\n    }).then((start) => {\n      const end = createTimestamp();\n      messages.stack.push({\n        testStepFinished: {\n          testStepId: hook.id,\n          testCaseStartedId,\n          testStepResult: {\n            status: Status.Passed,\n            duration: duration(start, end)\n          },\n          timestamp: end\n        }\n      });\n      remainingSteps.shift();\n    });\n  } else if (step.pickleStep) {\n    const pickleStep = step.pickleStep;\n    const text = (0, assertions_1.assertAndReturn)(pickleStep.text, \"Expected pickle step to have a text\");\n    const scenarioStep = (0, assertions_1.assertAndReturn)(astIdMap.get((0, assertions_1.assertAndReturn)((_a2 = pickleStep.astNodeIds) === null || _a2 === void 0 ? void 0 : _a2[0], \"Expected to find at least one astNodeId\")), `Expected to find scenario step associated with id = ${(_b = pickleStep.astNodeIds) === null || _b === void 0 ? void 0 : _b[0]}`);\n    cy.then(() => {\n      Cypress.log({\n        name: \"step\",\n        displayName: (0, assertions_1.assertAndReturn)(\"keyword\" in scenarioStep && scenarioStep.keyword, \"Expected to find a keyword in the scenario step\"),\n        message: text\n      });\n    });\n    const argument = ((_c = pickleStep.argument) === null || _c === void 0 ? void 0 : _c.dataTable) ? new data_table_1.default(pickleStep.argument.dataTable) : ((_e = (_d = pickleStep.argument) === null || _d === void 0 ? void 0 : _d.docString) === null || _e === void 0 ? void 0 : _e.content) ? pickleStep.argument.docString.content : void 0;\n    cy.then(() => {\n      internalProperties.currentStep = { pickleStep };\n      const start = createTimestamp();\n      messages.stack.push({\n        testStepStarted: {\n          testStepId: pickleStep.id,\n          testCaseStartedId,\n          timestamp: start\n        }\n      });\n      if (messages.enabled) {\n        cy.task(constants_1.TASK_TEST_STEP_STARTED, pickleStep.id, { log: false });\n      }\n      return cy.wrap(start, { log: false });\n    }).then((start) => {\n      const ensureChain = (value) => Cypress.isCy(value) ? value : cy.wrap(value, { log: false });\n      try {\n        return ensureChain(registry2.runStepDefininition(this, text, argument)).then((result) => {\n          return {\n            start,\n            result\n          };\n        });\n      } catch (e) {\n        if (e instanceof registry_1.MissingDefinitionError) {\n          throw new Error(createMissingStepDefinitionMessage(context, text));\n        } else {\n          throw e;\n        }\n      }\n    }).then(({ start, result }) => {\n      var _a3, _b2, _c2;\n      const end = createTimestamp();\n      if (result === \"pending\") {\n        messages.stack.push({\n          testStepFinished: {\n            testStepId: pickleStep.id,\n            testCaseStartedId,\n            testStepResult: {\n              status: Status.Pending,\n              duration: duration(start, end)\n            },\n            timestamp: end\n          }\n        });\n        remainingSteps.shift();\n        for (const skippedStep of remainingSteps) {\n          const testStepId = (0, assertions_1.assertAndReturn)((_b2 = (_a3 = skippedStep.hook) === null || _a3 === void 0 ? void 0 : _a3.id) !== null && _b2 !== void 0 ? _b2 : (_c2 = skippedStep.pickleStep) === null || _c2 === void 0 ? void 0 : _c2.id, \"Expected a step to either be a hook or a pickleStep\");\n          messages.stack.push({\n            testStepStarted: {\n              testStepId,\n              testCaseStartedId,\n              timestamp: createTimestamp()\n            }\n          });\n          messages.stack.push({\n            testStepFinished: {\n              testStepId,\n              testCaseStartedId,\n              testStepResult: {\n                status: Status.Skipped,\n                duration: {\n                  seconds: 0,\n                  nanos: 0\n                }\n              },\n              timestamp: createTimestamp()\n            }\n          });\n        }\n        for (let i = 0, count = remainingSteps.length; i < count; i++) {\n          remainingSteps.pop();\n        }\n        this.skip();\n      } else {\n        messages.stack.push({\n          testStepFinished: {\n            testStepId: pickleStep.id,\n            testCaseStartedId,\n            testStepResult: {\n              status: Status.Passed,\n              duration: duration(start, end)\n            },\n            timestamp: end\n          }\n        });\n        remainingSteps.shift();\n      }\n    });\n  }\n}",
              "err": {},
              "uuid": "76d4ba78-4127-4cfb-9eb2-9f4409f18af8",
              "parentUUID": "6566d966-d4a5-4b8a-94d0-a27e48743c4a",
              "isHook": false,
              "skipped": false
            },
            {
              "title": "TC#12 Сhecking the presence of all three items(topics) in the help to the right of the form",
              "fullTitle": "Contact with telnyx Experts TC#12 Сhecking the presence of all three items(topics) in the help to the right of the form",
              "timedOut": null,
              "duration": 8731,
              "state": "passed",
              "speed": "medium",
              "pass": true,
              "fail": false,
              "pending": false,
              "context": null,
              "code": "var _a2, _b, _c, _d, _e;\nconst { remainingSteps, testCaseStartedId } = retrieveInternalProperties();\n(0, registry_1.assignRegistry)(registry2);\nmessages.stack.push({\n  testCaseStarted: {\n    id: testCaseStartedId,\n    testCaseId,\n    attempt: attempt++,\n    timestamp: createTimestamp()\n  }\n});\nwindow.testState = {\n  gherkinDocument,\n  pickles,\n  pickle\n};\nfor (const step of steps) {\n  if (step.hook) {\n    const hook = step.hook;\n    cy.then(() => {\n      Cypress.log({\n        name: \"step\",\n        displayName: hook.keyword,\n        message: \"\"\n      });\n      const start = createTimestamp();\n      messages.stack.push({\n        testStepStarted: {\n          testStepId: hook.id,\n          testCaseStartedId,\n          timestamp: start\n        }\n      });\n      if (messages.enabled) {\n        cy.task(constants_1.TASK_TEST_STEP_STARTED, hook.id, { log: false });\n      }\n      return cy.wrap(start, { log: false });\n    }).then((start) => {\n      registry2.runHook(this, hook);\n      return cy.wrap(start, { log: false });\n    }).then((start) => {\n      const end = createTimestamp();\n      messages.stack.push({\n        testStepFinished: {\n          testStepId: hook.id,\n          testCaseStartedId,\n          testStepResult: {\n            status: Status.Passed,\n            duration: duration(start, end)\n          },\n          timestamp: end\n        }\n      });\n      remainingSteps.shift();\n    });\n  } else if (step.pickleStep) {\n    const pickleStep = step.pickleStep;\n    const text = (0, assertions_1.assertAndReturn)(pickleStep.text, \"Expected pickle step to have a text\");\n    const scenarioStep = (0, assertions_1.assertAndReturn)(astIdMap.get((0, assertions_1.assertAndReturn)((_a2 = pickleStep.astNodeIds) === null || _a2 === void 0 ? void 0 : _a2[0], \"Expected to find at least one astNodeId\")), `Expected to find scenario step associated with id = ${(_b = pickleStep.astNodeIds) === null || _b === void 0 ? void 0 : _b[0]}`);\n    cy.then(() => {\n      Cypress.log({\n        name: \"step\",\n        displayName: (0, assertions_1.assertAndReturn)(\"keyword\" in scenarioStep && scenarioStep.keyword, \"Expected to find a keyword in the scenario step\"),\n        message: text\n      });\n    });\n    const argument = ((_c = pickleStep.argument) === null || _c === void 0 ? void 0 : _c.dataTable) ? new data_table_1.default(pickleStep.argument.dataTable) : ((_e = (_d = pickleStep.argument) === null || _d === void 0 ? void 0 : _d.docString) === null || _e === void 0 ? void 0 : _e.content) ? pickleStep.argument.docString.content : void 0;\n    cy.then(() => {\n      internalProperties.currentStep = { pickleStep };\n      const start = createTimestamp();\n      messages.stack.push({\n        testStepStarted: {\n          testStepId: pickleStep.id,\n          testCaseStartedId,\n          timestamp: start\n        }\n      });\n      if (messages.enabled) {\n        cy.task(constants_1.TASK_TEST_STEP_STARTED, pickleStep.id, { log: false });\n      }\n      return cy.wrap(start, { log: false });\n    }).then((start) => {\n      const ensureChain = (value) => Cypress.isCy(value) ? value : cy.wrap(value, { log: false });\n      try {\n        return ensureChain(registry2.runStepDefininition(this, text, argument)).then((result) => {\n          return {\n            start,\n            result\n          };\n        });\n      } catch (e) {\n        if (e instanceof registry_1.MissingDefinitionError) {\n          throw new Error(createMissingStepDefinitionMessage(context, text));\n        } else {\n          throw e;\n        }\n      }\n    }).then(({ start, result }) => {\n      var _a3, _b2, _c2;\n      const end = createTimestamp();\n      if (result === \"pending\") {\n        messages.stack.push({\n          testStepFinished: {\n            testStepId: pickleStep.id,\n            testCaseStartedId,\n            testStepResult: {\n              status: Status.Pending,\n              duration: duration(start, end)\n            },\n            timestamp: end\n          }\n        });\n        remainingSteps.shift();\n        for (const skippedStep of remainingSteps) {\n          const testStepId = (0, assertions_1.assertAndReturn)((_b2 = (_a3 = skippedStep.hook) === null || _a3 === void 0 ? void 0 : _a3.id) !== null && _b2 !== void 0 ? _b2 : (_c2 = skippedStep.pickleStep) === null || _c2 === void 0 ? void 0 : _c2.id, \"Expected a step to either be a hook or a pickleStep\");\n          messages.stack.push({\n            testStepStarted: {\n              testStepId,\n              testCaseStartedId,\n              timestamp: createTimestamp()\n            }\n          });\n          messages.stack.push({\n            testStepFinished: {\n              testStepId,\n              testCaseStartedId,\n              testStepResult: {\n                status: Status.Skipped,\n                duration: {\n                  seconds: 0,\n                  nanos: 0\n                }\n              },\n              timestamp: createTimestamp()\n            }\n          });\n        }\n        for (let i = 0, count = remainingSteps.length; i < count; i++) {\n          remainingSteps.pop();\n        }\n        this.skip();\n      } else {\n        messages.stack.push({\n          testStepFinished: {\n            testStepId: pickleStep.id,\n            testCaseStartedId,\n            testStepResult: {\n              status: Status.Passed,\n              duration: duration(start, end)\n            },\n            timestamp: end\n          }\n        });\n        remainingSteps.shift();\n      }\n    });\n  }\n}",
              "err": {},
              "uuid": "a06df509-ed0d-4c38-8f40-8140480a139c",
              "parentUUID": "6566d966-d4a5-4b8a-94d0-a27e48743c4a",
              "isHook": false,
              "skipped": false
            },
            {
              "title": "TC#13 Go to login page by clicking login button on contact support field",
              "fullTitle": "Contact with telnyx Experts TC#13 Go to login page by clicking login button on contact support field",
              "timedOut": null,
              "duration": 9979,
              "state": "passed",
              "speed": "medium",
              "pass": true,
              "fail": false,
              "pending": false,
              "context": null,
              "code": "var _a2, _b, _c, _d, _e;\nconst { remainingSteps, testCaseStartedId } = retrieveInternalProperties();\n(0, registry_1.assignRegistry)(registry2);\nmessages.stack.push({\n  testCaseStarted: {\n    id: testCaseStartedId,\n    testCaseId,\n    attempt: attempt++,\n    timestamp: createTimestamp()\n  }\n});\nwindow.testState = {\n  gherkinDocument,\n  pickles,\n  pickle\n};\nfor (const step of steps) {\n  if (step.hook) {\n    const hook = step.hook;\n    cy.then(() => {\n      Cypress.log({\n        name: \"step\",\n        displayName: hook.keyword,\n        message: \"\"\n      });\n      const start = createTimestamp();\n      messages.stack.push({\n        testStepStarted: {\n          testStepId: hook.id,\n          testCaseStartedId,\n          timestamp: start\n        }\n      });\n      if (messages.enabled) {\n        cy.task(constants_1.TASK_TEST_STEP_STARTED, hook.id, { log: false });\n      }\n      return cy.wrap(start, { log: false });\n    }).then((start) => {\n      registry2.runHook(this, hook);\n      return cy.wrap(start, { log: false });\n    }).then((start) => {\n      const end = createTimestamp();\n      messages.stack.push({\n        testStepFinished: {\n          testStepId: hook.id,\n          testCaseStartedId,\n          testStepResult: {\n            status: Status.Passed,\n            duration: duration(start, end)\n          },\n          timestamp: end\n        }\n      });\n      remainingSteps.shift();\n    });\n  } else if (step.pickleStep) {\n    const pickleStep = step.pickleStep;\n    const text = (0, assertions_1.assertAndReturn)(pickleStep.text, \"Expected pickle step to have a text\");\n    const scenarioStep = (0, assertions_1.assertAndReturn)(astIdMap.get((0, assertions_1.assertAndReturn)((_a2 = pickleStep.astNodeIds) === null || _a2 === void 0 ? void 0 : _a2[0], \"Expected to find at least one astNodeId\")), `Expected to find scenario step associated with id = ${(_b = pickleStep.astNodeIds) === null || _b === void 0 ? void 0 : _b[0]}`);\n    cy.then(() => {\n      Cypress.log({\n        name: \"step\",\n        displayName: (0, assertions_1.assertAndReturn)(\"keyword\" in scenarioStep && scenarioStep.keyword, \"Expected to find a keyword in the scenario step\"),\n        message: text\n      });\n    });\n    const argument = ((_c = pickleStep.argument) === null || _c === void 0 ? void 0 : _c.dataTable) ? new data_table_1.default(pickleStep.argument.dataTable) : ((_e = (_d = pickleStep.argument) === null || _d === void 0 ? void 0 : _d.docString) === null || _e === void 0 ? void 0 : _e.content) ? pickleStep.argument.docString.content : void 0;\n    cy.then(() => {\n      internalProperties.currentStep = { pickleStep };\n      const start = createTimestamp();\n      messages.stack.push({\n        testStepStarted: {\n          testStepId: pickleStep.id,\n          testCaseStartedId,\n          timestamp: start\n        }\n      });\n      if (messages.enabled) {\n        cy.task(constants_1.TASK_TEST_STEP_STARTED, pickleStep.id, { log: false });\n      }\n      return cy.wrap(start, { log: false });\n    }).then((start) => {\n      const ensureChain = (value) => Cypress.isCy(value) ? value : cy.wrap(value, { log: false });\n      try {\n        return ensureChain(registry2.runStepDefininition(this, text, argument)).then((result) => {\n          return {\n            start,\n            result\n          };\n        });\n      } catch (e) {\n        if (e instanceof registry_1.MissingDefinitionError) {\n          throw new Error(createMissingStepDefinitionMessage(context, text));\n        } else {\n          throw e;\n        }\n      }\n    }).then(({ start, result }) => {\n      var _a3, _b2, _c2;\n      const end = createTimestamp();\n      if (result === \"pending\") {\n        messages.stack.push({\n          testStepFinished: {\n            testStepId: pickleStep.id,\n            testCaseStartedId,\n            testStepResult: {\n              status: Status.Pending,\n              duration: duration(start, end)\n            },\n            timestamp: end\n          }\n        });\n        remainingSteps.shift();\n        for (const skippedStep of remainingSteps) {\n          const testStepId = (0, assertions_1.assertAndReturn)((_b2 = (_a3 = skippedStep.hook) === null || _a3 === void 0 ? void 0 : _a3.id) !== null && _b2 !== void 0 ? _b2 : (_c2 = skippedStep.pickleStep) === null || _c2 === void 0 ? void 0 : _c2.id, \"Expected a step to either be a hook or a pickleStep\");\n          messages.stack.push({\n            testStepStarted: {\n              testStepId,\n              testCaseStartedId,\n              timestamp: createTimestamp()\n            }\n          });\n          messages.stack.push({\n            testStepFinished: {\n              testStepId,\n              testCaseStartedId,\n              testStepResult: {\n                status: Status.Skipped,\n                duration: {\n                  seconds: 0,\n                  nanos: 0\n                }\n              },\n              timestamp: createTimestamp()\n            }\n          });\n        }\n        for (let i = 0, count = remainingSteps.length; i < count; i++) {\n          remainingSteps.pop();\n        }\n        this.skip();\n      } else {\n        messages.stack.push({\n          testStepFinished: {\n            testStepId: pickleStep.id,\n            testCaseStartedId,\n            testStepResult: {\n              status: Status.Passed,\n              duration: duration(start, end)\n            },\n            timestamp: end\n          }\n        });\n        remainingSteps.shift();\n      }\n    });\n  }\n}",
              "err": {},
              "uuid": "2628fa1e-aa47-4da9-9466-df4215ccc95c",
              "parentUUID": "6566d966-d4a5-4b8a-94d0-a27e48743c4a",
              "isHook": false,
              "skipped": false
            },
            {
              "title": "TC#14 Go to support page by clicking support button on contact support field",
              "fullTitle": "Contact with telnyx Experts TC#14 Go to support page by clicking support button on contact support field",
              "timedOut": null,
              "duration": 13229,
              "state": "passed",
              "speed": "slow",
              "pass": true,
              "fail": false,
              "pending": false,
              "context": null,
              "code": "var _a2, _b, _c, _d, _e;\nconst { remainingSteps, testCaseStartedId } = retrieveInternalProperties();\n(0, registry_1.assignRegistry)(registry2);\nmessages.stack.push({\n  testCaseStarted: {\n    id: testCaseStartedId,\n    testCaseId,\n    attempt: attempt++,\n    timestamp: createTimestamp()\n  }\n});\nwindow.testState = {\n  gherkinDocument,\n  pickles,\n  pickle\n};\nfor (const step of steps) {\n  if (step.hook) {\n    const hook = step.hook;\n    cy.then(() => {\n      Cypress.log({\n        name: \"step\",\n        displayName: hook.keyword,\n        message: \"\"\n      });\n      const start = createTimestamp();\n      messages.stack.push({\n        testStepStarted: {\n          testStepId: hook.id,\n          testCaseStartedId,\n          timestamp: start\n        }\n      });\n      if (messages.enabled) {\n        cy.task(constants_1.TASK_TEST_STEP_STARTED, hook.id, { log: false });\n      }\n      return cy.wrap(start, { log: false });\n    }).then((start) => {\n      registry2.runHook(this, hook);\n      return cy.wrap(start, { log: false });\n    }).then((start) => {\n      const end = createTimestamp();\n      messages.stack.push({\n        testStepFinished: {\n          testStepId: hook.id,\n          testCaseStartedId,\n          testStepResult: {\n            status: Status.Passed,\n            duration: duration(start, end)\n          },\n          timestamp: end\n        }\n      });\n      remainingSteps.shift();\n    });\n  } else if (step.pickleStep) {\n    const pickleStep = step.pickleStep;\n    const text = (0, assertions_1.assertAndReturn)(pickleStep.text, \"Expected pickle step to have a text\");\n    const scenarioStep = (0, assertions_1.assertAndReturn)(astIdMap.get((0, assertions_1.assertAndReturn)((_a2 = pickleStep.astNodeIds) === null || _a2 === void 0 ? void 0 : _a2[0], \"Expected to find at least one astNodeId\")), `Expected to find scenario step associated with id = ${(_b = pickleStep.astNodeIds) === null || _b === void 0 ? void 0 : _b[0]}`);\n    cy.then(() => {\n      Cypress.log({\n        name: \"step\",\n        displayName: (0, assertions_1.assertAndReturn)(\"keyword\" in scenarioStep && scenarioStep.keyword, \"Expected to find a keyword in the scenario step\"),\n        message: text\n      });\n    });\n    const argument = ((_c = pickleStep.argument) === null || _c === void 0 ? void 0 : _c.dataTable) ? new data_table_1.default(pickleStep.argument.dataTable) : ((_e = (_d = pickleStep.argument) === null || _d === void 0 ? void 0 : _d.docString) === null || _e === void 0 ? void 0 : _e.content) ? pickleStep.argument.docString.content : void 0;\n    cy.then(() => {\n      internalProperties.currentStep = { pickleStep };\n      const start = createTimestamp();\n      messages.stack.push({\n        testStepStarted: {\n          testStepId: pickleStep.id,\n          testCaseStartedId,\n          timestamp: start\n        }\n      });\n      if (messages.enabled) {\n        cy.task(constants_1.TASK_TEST_STEP_STARTED, pickleStep.id, { log: false });\n      }\n      return cy.wrap(start, { log: false });\n    }).then((start) => {\n      const ensureChain = (value) => Cypress.isCy(value) ? value : cy.wrap(value, { log: false });\n      try {\n        return ensureChain(registry2.runStepDefininition(this, text, argument)).then((result) => {\n          return {\n            start,\n            result\n          };\n        });\n      } catch (e) {\n        if (e instanceof registry_1.MissingDefinitionError) {\n          throw new Error(createMissingStepDefinitionMessage(context, text));\n        } else {\n          throw e;\n        }\n      }\n    }).then(({ start, result }) => {\n      var _a3, _b2, _c2;\n      const end = createTimestamp();\n      if (result === \"pending\") {\n        messages.stack.push({\n          testStepFinished: {\n            testStepId: pickleStep.id,\n            testCaseStartedId,\n            testStepResult: {\n              status: Status.Pending,\n              duration: duration(start, end)\n            },\n            timestamp: end\n          }\n        });\n        remainingSteps.shift();\n        for (const skippedStep of remainingSteps) {\n          const testStepId = (0, assertions_1.assertAndReturn)((_b2 = (_a3 = skippedStep.hook) === null || _a3 === void 0 ? void 0 : _a3.id) !== null && _b2 !== void 0 ? _b2 : (_c2 = skippedStep.pickleStep) === null || _c2 === void 0 ? void 0 : _c2.id, \"Expected a step to either be a hook or a pickleStep\");\n          messages.stack.push({\n            testStepStarted: {\n              testStepId,\n              testCaseStartedId,\n              timestamp: createTimestamp()\n            }\n          });\n          messages.stack.push({\n            testStepFinished: {\n              testStepId,\n              testCaseStartedId,\n              testStepResult: {\n                status: Status.Skipped,\n                duration: {\n                  seconds: 0,\n                  nanos: 0\n                }\n              },\n              timestamp: createTimestamp()\n            }\n          });\n        }\n        for (let i = 0, count = remainingSteps.length; i < count; i++) {\n          remainingSteps.pop();\n        }\n        this.skip();\n      } else {\n        messages.stack.push({\n          testStepFinished: {\n            testStepId: pickleStep.id,\n            testCaseStartedId,\n            testStepResult: {\n              status: Status.Passed,\n              duration: duration(start, end)\n            },\n            timestamp: end\n          }\n        });\n        remainingSteps.shift();\n      }\n    });\n  }\n}",
              "err": {},
              "uuid": "6d7d5e0a-6cc2-4f84-befd-55295cfe5289",
              "parentUUID": "6566d966-d4a5-4b8a-94d0-a27e48743c4a",
              "isHook": false,
              "skipped": false
            },
            {
              "title": "TC#15 Сhecking the presence of copyright element on the bottom of the page",
              "fullTitle": "Contact with telnyx Experts TC#15 Сhecking the presence of copyright element on the bottom of the page",
              "timedOut": null,
              "duration": 10555,
              "state": "passed",
              "speed": "slow",
              "pass": true,
              "fail": false,
              "pending": false,
              "context": null,
              "code": "var _a2, _b, _c, _d, _e;\nconst { remainingSteps, testCaseStartedId } = retrieveInternalProperties();\n(0, registry_1.assignRegistry)(registry2);\nmessages.stack.push({\n  testCaseStarted: {\n    id: testCaseStartedId,\n    testCaseId,\n    attempt: attempt++,\n    timestamp: createTimestamp()\n  }\n});\nwindow.testState = {\n  gherkinDocument,\n  pickles,\n  pickle\n};\nfor (const step of steps) {\n  if (step.hook) {\n    const hook = step.hook;\n    cy.then(() => {\n      Cypress.log({\n        name: \"step\",\n        displayName: hook.keyword,\n        message: \"\"\n      });\n      const start = createTimestamp();\n      messages.stack.push({\n        testStepStarted: {\n          testStepId: hook.id,\n          testCaseStartedId,\n          timestamp: start\n        }\n      });\n      if (messages.enabled) {\n        cy.task(constants_1.TASK_TEST_STEP_STARTED, hook.id, { log: false });\n      }\n      return cy.wrap(start, { log: false });\n    }).then((start) => {\n      registry2.runHook(this, hook);\n      return cy.wrap(start, { log: false });\n    }).then((start) => {\n      const end = createTimestamp();\n      messages.stack.push({\n        testStepFinished: {\n          testStepId: hook.id,\n          testCaseStartedId,\n          testStepResult: {\n            status: Status.Passed,\n            duration: duration(start, end)\n          },\n          timestamp: end\n        }\n      });\n      remainingSteps.shift();\n    });\n  } else if (step.pickleStep) {\n    const pickleStep = step.pickleStep;\n    const text = (0, assertions_1.assertAndReturn)(pickleStep.text, \"Expected pickle step to have a text\");\n    const scenarioStep = (0, assertions_1.assertAndReturn)(astIdMap.get((0, assertions_1.assertAndReturn)((_a2 = pickleStep.astNodeIds) === null || _a2 === void 0 ? void 0 : _a2[0], \"Expected to find at least one astNodeId\")), `Expected to find scenario step associated with id = ${(_b = pickleStep.astNodeIds) === null || _b === void 0 ? void 0 : _b[0]}`);\n    cy.then(() => {\n      Cypress.log({\n        name: \"step\",\n        displayName: (0, assertions_1.assertAndReturn)(\"keyword\" in scenarioStep && scenarioStep.keyword, \"Expected to find a keyword in the scenario step\"),\n        message: text\n      });\n    });\n    const argument = ((_c = pickleStep.argument) === null || _c === void 0 ? void 0 : _c.dataTable) ? new data_table_1.default(pickleStep.argument.dataTable) : ((_e = (_d = pickleStep.argument) === null || _d === void 0 ? void 0 : _d.docString) === null || _e === void 0 ? void 0 : _e.content) ? pickleStep.argument.docString.content : void 0;\n    cy.then(() => {\n      internalProperties.currentStep = { pickleStep };\n      const start = createTimestamp();\n      messages.stack.push({\n        testStepStarted: {\n          testStepId: pickleStep.id,\n          testCaseStartedId,\n          timestamp: start\n        }\n      });\n      if (messages.enabled) {\n        cy.task(constants_1.TASK_TEST_STEP_STARTED, pickleStep.id, { log: false });\n      }\n      return cy.wrap(start, { log: false });\n    }).then((start) => {\n      const ensureChain = (value) => Cypress.isCy(value) ? value : cy.wrap(value, { log: false });\n      try {\n        return ensureChain(registry2.runStepDefininition(this, text, argument)).then((result) => {\n          return {\n            start,\n            result\n          };\n        });\n      } catch (e) {\n        if (e instanceof registry_1.MissingDefinitionError) {\n          throw new Error(createMissingStepDefinitionMessage(context, text));\n        } else {\n          throw e;\n        }\n      }\n    }).then(({ start, result }) => {\n      var _a3, _b2, _c2;\n      const end = createTimestamp();\n      if (result === \"pending\") {\n        messages.stack.push({\n          testStepFinished: {\n            testStepId: pickleStep.id,\n            testCaseStartedId,\n            testStepResult: {\n              status: Status.Pending,\n              duration: duration(start, end)\n            },\n            timestamp: end\n          }\n        });\n        remainingSteps.shift();\n        for (const skippedStep of remainingSteps) {\n          const testStepId = (0, assertions_1.assertAndReturn)((_b2 = (_a3 = skippedStep.hook) === null || _a3 === void 0 ? void 0 : _a3.id) !== null && _b2 !== void 0 ? _b2 : (_c2 = skippedStep.pickleStep) === null || _c2 === void 0 ? void 0 : _c2.id, \"Expected a step to either be a hook or a pickleStep\");\n          messages.stack.push({\n            testStepStarted: {\n              testStepId,\n              testCaseStartedId,\n              timestamp: createTimestamp()\n            }\n          });\n          messages.stack.push({\n            testStepFinished: {\n              testStepId,\n              testCaseStartedId,\n              testStepResult: {\n                status: Status.Skipped,\n                duration: {\n                  seconds: 0,\n                  nanos: 0\n                }\n              },\n              timestamp: createTimestamp()\n            }\n          });\n        }\n        for (let i = 0, count = remainingSteps.length; i < count; i++) {\n          remainingSteps.pop();\n        }\n        this.skip();\n      } else {\n        messages.stack.push({\n          testStepFinished: {\n            testStepId: pickleStep.id,\n            testCaseStartedId,\n            testStepResult: {\n              status: Status.Passed,\n              duration: duration(start, end)\n            },\n            timestamp: end\n          }\n        });\n        remainingSteps.shift();\n      }\n    });\n  }\n}",
              "err": {},
              "uuid": "b65078d9-5283-4ea1-8103-c9b561bc7477",
              "parentUUID": "6566d966-d4a5-4b8a-94d0-a27e48743c4a",
              "isHook": false,
              "skipped": false
            }
          ],
          "suites": [],
          "passes": [
            "b47796b4-411f-419d-b30a-c2cf6cddb7e1",
            "2db5e3ec-0934-4047-bd8a-3d976c1fd24e",
            "76d4ba78-4127-4cfb-9eb2-9f4409f18af8",
            "a06df509-ed0d-4c38-8f40-8140480a139c",
            "2628fa1e-aa47-4da9-9466-df4215ccc95c",
            "6d7d5e0a-6cc2-4f84-befd-55295cfe5289",
            "b65078d9-5283-4ea1-8103-c9b561bc7477"
          ],
          "failures": [],
          "pending": [],
          "skipped": [],
          "duration": 76132,
          "root": false,
          "rootEmpty": false,
          "_timeout": 2000
        }
      ],
      "passes": [],
      "failures": [],
      "pending": [],
      "skipped": [],
      "duration": 0,
      "root": true,
      "rootEmpty": true,
      "_timeout": 2000
    }
  ],
  "meta": {
    "mocha": {
      "version": "7.0.1"
    },
    "mochawesome": {
      "options": {
        "quiet": false,
        "reportFilename": "mochawesome",
        "saveHtml": false,
        "saveJson": true,
        "consoleReporter": "spec",
        "useInlineDiffs": false,
        "code": true
      },
      "version": "7.1.3"
    },
    "marge": {
      "options": {
        "reportDir": "cypress/results",
        "overwrite": false,
        "html": false,
        "json": true
      },
      "version": "6.2.0"
    }
  }
}