{
  "stats": {
    "suites": 1,
    "tests": 7,
    "passes": 7,
    "pending": 0,
    "failures": 0,
    "start": "2022-08-15T09:03:35.520Z",
    "end": "2022-08-15T09:04:47.620Z",
    "duration": 72100,
    "testsRegistered": 7,
    "passPercent": 100,
    "pendingPercent": 0,
    "other": 0,
    "hasOther": false,
    "skipped": 0,
    "hasSkipped": false
  },
  "results": [
    {
      "uuid": "10642e80-b90d-4ea3-a91f-e732808590b8",
      "title": "",
      "fullFile": "cypress\\e2e\\features\\theContact(contactPg).feature",
      "file": "cypress\\e2e\\features\\theContact(contactPg).feature",
      "beforeHooks": [],
      "afterHooks": [],
      "tests": [],
      "suites": [
        {
          "uuid": "63063ab7-9714-4b95-b375-8dfe9fb352f3",
          "title": "Contact with telnyx Experts",
          "fullFile": "",
          "file": "",
          "beforeHooks": [],
          "afterHooks": [],
          "tests": [
            {
              "title": "Click on accept button, if exist",
              "fullTitle": "Contact with telnyx Experts Click on accept button, if exist",
              "timedOut": null,
              "duration": 7333,
              "state": "passed",
              "speed": "medium",
              "pass": true,
              "fail": false,
              "pending": false,
              "context": null,
              "code": "var _a2, _b, _c, _d, _e;\nconst { remainingSteps, testCaseStartedId } = retrieveInternalProperties();\n(0, registry_1.assignRegistry)(registry2);\nmessages.stack.push({\n  testCaseStarted: {\n    id: testCaseStartedId,\n    testCaseId,\n    attempt: attempt++,\n    timestamp: createTimestamp()\n  }\n});\nwindow.testState = {\n  gherkinDocument,\n  pickles,\n  pickle\n};\nfor (const step of steps) {\n  if (step.hook) {\n    const hook = step.hook;\n    cy.then(() => {\n      Cypress.log({\n        name: \"step\",\n        displayName: hook.keyword,\n        message: \"\"\n      });\n      const start = createTimestamp();\n      messages.stack.push({\n        testStepStarted: {\n          testStepId: hook.id,\n          testCaseStartedId,\n          timestamp: start\n        }\n      });\n      if (messages.enabled) {\n        cy.task(constants_1.TASK_TEST_STEP_STARTED, hook.id, { log: false });\n      }\n      return cy.wrap(start, { log: false });\n    }).then((start) => {\n      registry2.runHook(this, hook);\n      return cy.wrap(start, { log: false });\n    }).then((start) => {\n      const end = createTimestamp();\n      messages.stack.push({\n        testStepFinished: {\n          testStepId: hook.id,\n          testCaseStartedId,\n          testStepResult: {\n            status: Status.Passed,\n            duration: duration(start, end)\n          },\n          timestamp: end\n        }\n      });\n      remainingSteps.shift();\n    });\n  } else if (step.pickleStep) {\n    const pickleStep = step.pickleStep;\n    const text = (0, assertions_1.assertAndReturn)(pickleStep.text, \"Expected pickle step to have a text\");\n    const scenarioStep = (0, assertions_1.assertAndReturn)(astIdMap.get((0, assertions_1.assertAndReturn)((_a2 = pickleStep.astNodeIds) === null || _a2 === void 0 ? void 0 : _a2[0], \"Expected to find at least one astNodeId\")), `Expected to find scenario step associated with id = ${(_b = pickleStep.astNodeIds) === null || _b === void 0 ? void 0 : _b[0]}`);\n    cy.then(() => {\n      Cypress.log({\n        name: \"step\",\n        displayName: (0, assertions_1.assertAndReturn)(\"keyword\" in scenarioStep && scenarioStep.keyword, \"Expected to find a keyword in the scenario step\"),\n        message: text\n      });\n    });\n    const argument = ((_c = pickleStep.argument) === null || _c === void 0 ? void 0 : _c.dataTable) ? new data_table_1.default(pickleStep.argument.dataTable) : ((_e = (_d = pickleStep.argument) === null || _d === void 0 ? void 0 : _d.docString) === null || _e === void 0 ? void 0 : _e.content) ? pickleStep.argument.docString.content : void 0;\n    cy.then(() => {\n      internalProperties.currentStep = { pickleStep };\n      const start = createTimestamp();\n      messages.stack.push({\n        testStepStarted: {\n          testStepId: pickleStep.id,\n          testCaseStartedId,\n          timestamp: start\n        }\n      });\n      if (messages.enabled) {\n        cy.task(constants_1.TASK_TEST_STEP_STARTED, pickleStep.id, { log: false });\n      }\n      return cy.wrap(start, { log: false });\n    }).then((start) => {\n      const ensureChain = (value) => Cypress.isCy(value) ? value : cy.wrap(value, { log: false });\n      try {\n        return ensureChain(registry2.runStepDefininition(this, text, argument)).then((result) => {\n          return {\n            start,\n            result\n          };\n        });\n      } catch (e) {\n        if (e instanceof registry_1.MissingDefinitionError) {\n          throw new Error(createMissingStepDefinitionMessage(context, text));\n        } else {\n          throw e;\n        }\n      }\n    }).then(({ start, result }) => {\n      var _a3, _b2, _c2;\n      const end = createTimestamp();\n      if (result === \"pending\") {\n        messages.stack.push({\n          testStepFinished: {\n            testStepId: pickleStep.id,\n            testCaseStartedId,\n            testStepResult: {\n              status: Status.Pending,\n              duration: duration(start, end)\n            },\n            timestamp: end\n          }\n        });\n        remainingSteps.shift();\n        for (const skippedStep of remainingSteps) {\n          const testStepId = (0, assertions_1.assertAndReturn)((_b2 = (_a3 = skippedStep.hook) === null || _a3 === void 0 ? void 0 : _a3.id) !== null && _b2 !== void 0 ? _b2 : (_c2 = skippedStep.pickleStep) === null || _c2 === void 0 ? void 0 : _c2.id, \"Expected a step to either be a hook or a pickleStep\");\n          messages.stack.push({\n            testStepStarted: {\n              testStepId,\n              testCaseStartedId,\n              timestamp: createTimestamp()\n            }\n          });\n          messages.stack.push({\n            testStepFinished: {\n              testStepId,\n              testCaseStartedId,\n              testStepResult: {\n                status: Status.Skipped,\n                duration: {\n                  seconds: 0,\n                  nanos: 0\n                }\n              },\n              timestamp: createTimestamp()\n            }\n          });\n        }\n        for (let i = 0, count = remainingSteps.length; i < count; i++) {\n          remainingSteps.pop();\n        }\n        this.skip();\n      } else {\n        messages.stack.push({\n          testStepFinished: {\n            testStepId: pickleStep.id,\n            testCaseStartedId,\n            testStepResult: {\n              status: Status.Passed,\n              duration: duration(start, end)\n            },\n            timestamp: end\n          }\n        });\n        remainingSteps.shift();\n      }\n    });\n  }\n}",
              "err": {},
              "uuid": "596d6353-292e-44dd-ba3d-855d9f0e7710",
              "parentUUID": "63063ab7-9714-4b95-b375-8dfe9fb352f3",
              "isHook": false,
              "skipped": false
            },
            {
              "title": "TC#10 Submit \"contact to expert\" info with empty inputs",
              "fullTitle": "Contact with telnyx Experts TC#10 Submit \"contact to expert\" info with empty inputs",
              "timedOut": null,
              "duration": 10997,
              "state": "passed",
              "speed": "slow",
              "pass": true,
              "fail": false,
              "pending": false,
              "context": null,
              "code": "var _a2, _b, _c, _d, _e;\nconst { remainingSteps, testCaseStartedId } = retrieveInternalProperties();\n(0, registry_1.assignRegistry)(registry2);\nmessages.stack.push({\n  testCaseStarted: {\n    id: testCaseStartedId,\n    testCaseId,\n    attempt: attempt++,\n    timestamp: createTimestamp()\n  }\n});\nwindow.testState = {\n  gherkinDocument,\n  pickles,\n  pickle\n};\nfor (const step of steps) {\n  if (step.hook) {\n    const hook = step.hook;\n    cy.then(() => {\n      Cypress.log({\n        name: \"step\",\n        displayName: hook.keyword,\n        message: \"\"\n      });\n      const start = createTimestamp();\n      messages.stack.push({\n        testStepStarted: {\n          testStepId: hook.id,\n          testCaseStartedId,\n          timestamp: start\n        }\n      });\n      if (messages.enabled) {\n        cy.task(constants_1.TASK_TEST_STEP_STARTED, hook.id, { log: false });\n      }\n      return cy.wrap(start, { log: false });\n    }).then((start) => {\n      registry2.runHook(this, hook);\n      return cy.wrap(start, { log: false });\n    }).then((start) => {\n      const end = createTimestamp();\n      messages.stack.push({\n        testStepFinished: {\n          testStepId: hook.id,\n          testCaseStartedId,\n          testStepResult: {\n            status: Status.Passed,\n            duration: duration(start, end)\n          },\n          timestamp: end\n        }\n      });\n      remainingSteps.shift();\n    });\n  } else if (step.pickleStep) {\n    const pickleStep = step.pickleStep;\n    const text = (0, assertions_1.assertAndReturn)(pickleStep.text, \"Expected pickle step to have a text\");\n    const scenarioStep = (0, assertions_1.assertAndReturn)(astIdMap.get((0, assertions_1.assertAndReturn)((_a2 = pickleStep.astNodeIds) === null || _a2 === void 0 ? void 0 : _a2[0], \"Expected to find at least one astNodeId\")), `Expected to find scenario step associated with id = ${(_b = pickleStep.astNodeIds) === null || _b === void 0 ? void 0 : _b[0]}`);\n    cy.then(() => {\n      Cypress.log({\n        name: \"step\",\n        displayName: (0, assertions_1.assertAndReturn)(\"keyword\" in scenarioStep && scenarioStep.keyword, \"Expected to find a keyword in the scenario step\"),\n        message: text\n      });\n    });\n    const argument = ((_c = pickleStep.argument) === null || _c === void 0 ? void 0 : _c.dataTable) ? new data_table_1.default(pickleStep.argument.dataTable) : ((_e = (_d = pickleStep.argument) === null || _d === void 0 ? void 0 : _d.docString) === null || _e === void 0 ? void 0 : _e.content) ? pickleStep.argument.docString.content : void 0;\n    cy.then(() => {\n      internalProperties.currentStep = { pickleStep };\n      const start = createTimestamp();\n      messages.stack.push({\n        testStepStarted: {\n          testStepId: pickleStep.id,\n          testCaseStartedId,\n          timestamp: start\n        }\n      });\n      if (messages.enabled) {\n        cy.task(constants_1.TASK_TEST_STEP_STARTED, pickleStep.id, { log: false });\n      }\n      return cy.wrap(start, { log: false });\n    }).then((start) => {\n      const ensureChain = (value) => Cypress.isCy(value) ? value : cy.wrap(value, { log: false });\n      try {\n        return ensureChain(registry2.runStepDefininition(this, text, argument)).then((result) => {\n          return {\n            start,\n            result\n          };\n        });\n      } catch (e) {\n        if (e instanceof registry_1.MissingDefinitionError) {\n          throw new Error(createMissingStepDefinitionMessage(context, text));\n        } else {\n          throw e;\n        }\n      }\n    }).then(({ start, result }) => {\n      var _a3, _b2, _c2;\n      const end = createTimestamp();\n      if (result === \"pending\") {\n        messages.stack.push({\n          testStepFinished: {\n            testStepId: pickleStep.id,\n            testCaseStartedId,\n            testStepResult: {\n              status: Status.Pending,\n              duration: duration(start, end)\n            },\n            timestamp: end\n          }\n        });\n        remainingSteps.shift();\n        for (const skippedStep of remainingSteps) {\n          const testStepId = (0, assertions_1.assertAndReturn)((_b2 = (_a3 = skippedStep.hook) === null || _a3 === void 0 ? void 0 : _a3.id) !== null && _b2 !== void 0 ? _b2 : (_c2 = skippedStep.pickleStep) === null || _c2 === void 0 ? void 0 : _c2.id, \"Expected a step to either be a hook or a pickleStep\");\n          messages.stack.push({\n            testStepStarted: {\n              testStepId,\n              testCaseStartedId,\n              timestamp: createTimestamp()\n            }\n          });\n          messages.stack.push({\n            testStepFinished: {\n              testStepId,\n              testCaseStartedId,\n              testStepResult: {\n                status: Status.Skipped,\n                duration: {\n                  seconds: 0,\n                  nanos: 0\n                }\n              },\n              timestamp: createTimestamp()\n            }\n          });\n        }\n        for (let i = 0, count = remainingSteps.length; i < count; i++) {\n          remainingSteps.pop();\n        }\n        this.skip();\n      } else {\n        messages.stack.push({\n          testStepFinished: {\n            testStepId: pickleStep.id,\n            testCaseStartedId,\n            testStepResult: {\n              status: Status.Passed,\n              duration: duration(start, end)\n            },\n            timestamp: end\n          }\n        });\n        remainingSteps.shift();\n      }\n    });\n  }\n}",
              "err": {},
              "uuid": "5d40dbf9-cda6-4f01-9313-23cbb8e69936",
              "parentUUID": "63063ab7-9714-4b95-b375-8dfe9fb352f3",
              "isHook": false,
              "skipped": false
            },
            {
              "title": "TC#11 Submit \"contact to expert\" info with completed inputs",
              "fullTitle": "Contact with telnyx Experts TC#11 Submit \"contact to expert\" info with completed inputs",
              "timedOut": null,
              "duration": 15622,
              "state": "passed",
              "speed": "slow",
              "pass": true,
              "fail": false,
              "pending": false,
              "context": null,
              "code": "var _a2, _b, _c, _d, _e;\nconst { remainingSteps, testCaseStartedId } = retrieveInternalProperties();\n(0, registry_1.assignRegistry)(registry2);\nmessages.stack.push({\n  testCaseStarted: {\n    id: testCaseStartedId,\n    testCaseId,\n    attempt: attempt++,\n    timestamp: createTimestamp()\n  }\n});\nwindow.testState = {\n  gherkinDocument,\n  pickles,\n  pickle\n};\nfor (const step of steps) {\n  if (step.hook) {\n    const hook = step.hook;\n    cy.then(() => {\n      Cypress.log({\n        name: \"step\",\n        displayName: hook.keyword,\n        message: \"\"\n      });\n      const start = createTimestamp();\n      messages.stack.push({\n        testStepStarted: {\n          testStepId: hook.id,\n          testCaseStartedId,\n          timestamp: start\n        }\n      });\n      if (messages.enabled) {\n        cy.task(constants_1.TASK_TEST_STEP_STARTED, hook.id, { log: false });\n      }\n      return cy.wrap(start, { log: false });\n    }).then((start) => {\n      registry2.runHook(this, hook);\n      return cy.wrap(start, { log: false });\n    }).then((start) => {\n      const end = createTimestamp();\n      messages.stack.push({\n        testStepFinished: {\n          testStepId: hook.id,\n          testCaseStartedId,\n          testStepResult: {\n            status: Status.Passed,\n            duration: duration(start, end)\n          },\n          timestamp: end\n        }\n      });\n      remainingSteps.shift();\n    });\n  } else if (step.pickleStep) {\n    const pickleStep = step.pickleStep;\n    const text = (0, assertions_1.assertAndReturn)(pickleStep.text, \"Expected pickle step to have a text\");\n    const scenarioStep = (0, assertions_1.assertAndReturn)(astIdMap.get((0, assertions_1.assertAndReturn)((_a2 = pickleStep.astNodeIds) === null || _a2 === void 0 ? void 0 : _a2[0], \"Expected to find at least one astNodeId\")), `Expected to find scenario step associated with id = ${(_b = pickleStep.astNodeIds) === null || _b === void 0 ? void 0 : _b[0]}`);\n    cy.then(() => {\n      Cypress.log({\n        name: \"step\",\n        displayName: (0, assertions_1.assertAndReturn)(\"keyword\" in scenarioStep && scenarioStep.keyword, \"Expected to find a keyword in the scenario step\"),\n        message: text\n      });\n    });\n    const argument = ((_c = pickleStep.argument) === null || _c === void 0 ? void 0 : _c.dataTable) ? new data_table_1.default(pickleStep.argument.dataTable) : ((_e = (_d = pickleStep.argument) === null || _d === void 0 ? void 0 : _d.docString) === null || _e === void 0 ? void 0 : _e.content) ? pickleStep.argument.docString.content : void 0;\n    cy.then(() => {\n      internalProperties.currentStep = { pickleStep };\n      const start = createTimestamp();\n      messages.stack.push({\n        testStepStarted: {\n          testStepId: pickleStep.id,\n          testCaseStartedId,\n          timestamp: start\n        }\n      });\n      if (messages.enabled) {\n        cy.task(constants_1.TASK_TEST_STEP_STARTED, pickleStep.id, { log: false });\n      }\n      return cy.wrap(start, { log: false });\n    }).then((start) => {\n      const ensureChain = (value) => Cypress.isCy(value) ? value : cy.wrap(value, { log: false });\n      try {\n        return ensureChain(registry2.runStepDefininition(this, text, argument)).then((result) => {\n          return {\n            start,\n            result\n          };\n        });\n      } catch (e) {\n        if (e instanceof registry_1.MissingDefinitionError) {\n          throw new Error(createMissingStepDefinitionMessage(context, text));\n        } else {\n          throw e;\n        }\n      }\n    }).then(({ start, result }) => {\n      var _a3, _b2, _c2;\n      const end = createTimestamp();\n      if (result === \"pending\") {\n        messages.stack.push({\n          testStepFinished: {\n            testStepId: pickleStep.id,\n            testCaseStartedId,\n            testStepResult: {\n              status: Status.Pending,\n              duration: duration(start, end)\n            },\n            timestamp: end\n          }\n        });\n        remainingSteps.shift();\n        for (const skippedStep of remainingSteps) {\n          const testStepId = (0, assertions_1.assertAndReturn)((_b2 = (_a3 = skippedStep.hook) === null || _a3 === void 0 ? void 0 : _a3.id) !== null && _b2 !== void 0 ? _b2 : (_c2 = skippedStep.pickleStep) === null || _c2 === void 0 ? void 0 : _c2.id, \"Expected a step to either be a hook or a pickleStep\");\n          messages.stack.push({\n            testStepStarted: {\n              testStepId,\n              testCaseStartedId,\n              timestamp: createTimestamp()\n            }\n          });\n          messages.stack.push({\n            testStepFinished: {\n              testStepId,\n              testCaseStartedId,\n              testStepResult: {\n                status: Status.Skipped,\n                duration: {\n                  seconds: 0,\n                  nanos: 0\n                }\n              },\n              timestamp: createTimestamp()\n            }\n          });\n        }\n        for (let i = 0, count = remainingSteps.length; i < count; i++) {\n          remainingSteps.pop();\n        }\n        this.skip();\n      } else {\n        messages.stack.push({\n          testStepFinished: {\n            testStepId: pickleStep.id,\n            testCaseStartedId,\n            testStepResult: {\n              status: Status.Passed,\n              duration: duration(start, end)\n            },\n            timestamp: end\n          }\n        });\n        remainingSteps.shift();\n      }\n    });\n  }\n}",
              "err": {},
              "uuid": "e5001089-1b5c-40ae-9f8d-bc0510c7661e",
              "parentUUID": "63063ab7-9714-4b95-b375-8dfe9fb352f3",
              "isHook": false,
              "skipped": false
            },
            {
              "title": "TC#12 Сhecking the presence of all three items(topics) in the help to the right of the form",
              "fullTitle": "Contact with telnyx Experts TC#12 Сhecking the presence of all three items(topics) in the help to the right of the form",
              "timedOut": null,
              "duration": 8542,
              "state": "passed",
              "speed": "medium",
              "pass": true,
              "fail": false,
              "pending": false,
              "context": null,
              "code": "var _a2, _b, _c, _d, _e;\nconst { remainingSteps, testCaseStartedId } = retrieveInternalProperties();\n(0, registry_1.assignRegistry)(registry2);\nmessages.stack.push({\n  testCaseStarted: {\n    id: testCaseStartedId,\n    testCaseId,\n    attempt: attempt++,\n    timestamp: createTimestamp()\n  }\n});\nwindow.testState = {\n  gherkinDocument,\n  pickles,\n  pickle\n};\nfor (const step of steps) {\n  if (step.hook) {\n    const hook = step.hook;\n    cy.then(() => {\n      Cypress.log({\n        name: \"step\",\n        displayName: hook.keyword,\n        message: \"\"\n      });\n      const start = createTimestamp();\n      messages.stack.push({\n        testStepStarted: {\n          testStepId: hook.id,\n          testCaseStartedId,\n          timestamp: start\n        }\n      });\n      if (messages.enabled) {\n        cy.task(constants_1.TASK_TEST_STEP_STARTED, hook.id, { log: false });\n      }\n      return cy.wrap(start, { log: false });\n    }).then((start) => {\n      registry2.runHook(this, hook);\n      return cy.wrap(start, { log: false });\n    }).then((start) => {\n      const end = createTimestamp();\n      messages.stack.push({\n        testStepFinished: {\n          testStepId: hook.id,\n          testCaseStartedId,\n          testStepResult: {\n            status: Status.Passed,\n            duration: duration(start, end)\n          },\n          timestamp: end\n        }\n      });\n      remainingSteps.shift();\n    });\n  } else if (step.pickleStep) {\n    const pickleStep = step.pickleStep;\n    const text = (0, assertions_1.assertAndReturn)(pickleStep.text, \"Expected pickle step to have a text\");\n    const scenarioStep = (0, assertions_1.assertAndReturn)(astIdMap.get((0, assertions_1.assertAndReturn)((_a2 = pickleStep.astNodeIds) === null || _a2 === void 0 ? void 0 : _a2[0], \"Expected to find at least one astNodeId\")), `Expected to find scenario step associated with id = ${(_b = pickleStep.astNodeIds) === null || _b === void 0 ? void 0 : _b[0]}`);\n    cy.then(() => {\n      Cypress.log({\n        name: \"step\",\n        displayName: (0, assertions_1.assertAndReturn)(\"keyword\" in scenarioStep && scenarioStep.keyword, \"Expected to find a keyword in the scenario step\"),\n        message: text\n      });\n    });\n    const argument = ((_c = pickleStep.argument) === null || _c === void 0 ? void 0 : _c.dataTable) ? new data_table_1.default(pickleStep.argument.dataTable) : ((_e = (_d = pickleStep.argument) === null || _d === void 0 ? void 0 : _d.docString) === null || _e === void 0 ? void 0 : _e.content) ? pickleStep.argument.docString.content : void 0;\n    cy.then(() => {\n      internalProperties.currentStep = { pickleStep };\n      const start = createTimestamp();\n      messages.stack.push({\n        testStepStarted: {\n          testStepId: pickleStep.id,\n          testCaseStartedId,\n          timestamp: start\n        }\n      });\n      if (messages.enabled) {\n        cy.task(constants_1.TASK_TEST_STEP_STARTED, pickleStep.id, { log: false });\n      }\n      return cy.wrap(start, { log: false });\n    }).then((start) => {\n      const ensureChain = (value) => Cypress.isCy(value) ? value : cy.wrap(value, { log: false });\n      try {\n        return ensureChain(registry2.runStepDefininition(this, text, argument)).then((result) => {\n          return {\n            start,\n            result\n          };\n        });\n      } catch (e) {\n        if (e instanceof registry_1.MissingDefinitionError) {\n          throw new Error(createMissingStepDefinitionMessage(context, text));\n        } else {\n          throw e;\n        }\n      }\n    }).then(({ start, result }) => {\n      var _a3, _b2, _c2;\n      const end = createTimestamp();\n      if (result === \"pending\") {\n        messages.stack.push({\n          testStepFinished: {\n            testStepId: pickleStep.id,\n            testCaseStartedId,\n            testStepResult: {\n              status: Status.Pending,\n              duration: duration(start, end)\n            },\n            timestamp: end\n          }\n        });\n        remainingSteps.shift();\n        for (const skippedStep of remainingSteps) {\n          const testStepId = (0, assertions_1.assertAndReturn)((_b2 = (_a3 = skippedStep.hook) === null || _a3 === void 0 ? void 0 : _a3.id) !== null && _b2 !== void 0 ? _b2 : (_c2 = skippedStep.pickleStep) === null || _c2 === void 0 ? void 0 : _c2.id, \"Expected a step to either be a hook or a pickleStep\");\n          messages.stack.push({\n            testStepStarted: {\n              testStepId,\n              testCaseStartedId,\n              timestamp: createTimestamp()\n            }\n          });\n          messages.stack.push({\n            testStepFinished: {\n              testStepId,\n              testCaseStartedId,\n              testStepResult: {\n                status: Status.Skipped,\n                duration: {\n                  seconds: 0,\n                  nanos: 0\n                }\n              },\n              timestamp: createTimestamp()\n            }\n          });\n        }\n        for (let i = 0, count = remainingSteps.length; i < count; i++) {\n          remainingSteps.pop();\n        }\n        this.skip();\n      } else {\n        messages.stack.push({\n          testStepFinished: {\n            testStepId: pickleStep.id,\n            testCaseStartedId,\n            testStepResult: {\n              status: Status.Passed,\n              duration: duration(start, end)\n            },\n            timestamp: end\n          }\n        });\n        remainingSteps.shift();\n      }\n    });\n  }\n}",
              "err": {},
              "uuid": "23c8f72b-c9c3-4251-8f3b-d2fa09f288de",
              "parentUUID": "63063ab7-9714-4b95-b375-8dfe9fb352f3",
              "isHook": false,
              "skipped": false
            },
            {
              "title": "TC#13 Go to login page by clicking login button on contact support field",
              "fullTitle": "Contact with telnyx Experts TC#13 Go to login page by clicking login button on contact support field",
              "timedOut": null,
              "duration": 8913,
              "state": "passed",
              "speed": "medium",
              "pass": true,
              "fail": false,
              "pending": false,
              "context": null,
              "code": "var _a2, _b, _c, _d, _e;\nconst { remainingSteps, testCaseStartedId } = retrieveInternalProperties();\n(0, registry_1.assignRegistry)(registry2);\nmessages.stack.push({\n  testCaseStarted: {\n    id: testCaseStartedId,\n    testCaseId,\n    attempt: attempt++,\n    timestamp: createTimestamp()\n  }\n});\nwindow.testState = {\n  gherkinDocument,\n  pickles,\n  pickle\n};\nfor (const step of steps) {\n  if (step.hook) {\n    const hook = step.hook;\n    cy.then(() => {\n      Cypress.log({\n        name: \"step\",\n        displayName: hook.keyword,\n        message: \"\"\n      });\n      const start = createTimestamp();\n      messages.stack.push({\n        testStepStarted: {\n          testStepId: hook.id,\n          testCaseStartedId,\n          timestamp: start\n        }\n      });\n      if (messages.enabled) {\n        cy.task(constants_1.TASK_TEST_STEP_STARTED, hook.id, { log: false });\n      }\n      return cy.wrap(start, { log: false });\n    }).then((start) => {\n      registry2.runHook(this, hook);\n      return cy.wrap(start, { log: false });\n    }).then((start) => {\n      const end = createTimestamp();\n      messages.stack.push({\n        testStepFinished: {\n          testStepId: hook.id,\n          testCaseStartedId,\n          testStepResult: {\n            status: Status.Passed,\n            duration: duration(start, end)\n          },\n          timestamp: end\n        }\n      });\n      remainingSteps.shift();\n    });\n  } else if (step.pickleStep) {\n    const pickleStep = step.pickleStep;\n    const text = (0, assertions_1.assertAndReturn)(pickleStep.text, \"Expected pickle step to have a text\");\n    const scenarioStep = (0, assertions_1.assertAndReturn)(astIdMap.get((0, assertions_1.assertAndReturn)((_a2 = pickleStep.astNodeIds) === null || _a2 === void 0 ? void 0 : _a2[0], \"Expected to find at least one astNodeId\")), `Expected to find scenario step associated with id = ${(_b = pickleStep.astNodeIds) === null || _b === void 0 ? void 0 : _b[0]}`);\n    cy.then(() => {\n      Cypress.log({\n        name: \"step\",\n        displayName: (0, assertions_1.assertAndReturn)(\"keyword\" in scenarioStep && scenarioStep.keyword, \"Expected to find a keyword in the scenario step\"),\n        message: text\n      });\n    });\n    const argument = ((_c = pickleStep.argument) === null || _c === void 0 ? void 0 : _c.dataTable) ? new data_table_1.default(pickleStep.argument.dataTable) : ((_e = (_d = pickleStep.argument) === null || _d === void 0 ? void 0 : _d.docString) === null || _e === void 0 ? void 0 : _e.content) ? pickleStep.argument.docString.content : void 0;\n    cy.then(() => {\n      internalProperties.currentStep = { pickleStep };\n      const start = createTimestamp();\n      messages.stack.push({\n        testStepStarted: {\n          testStepId: pickleStep.id,\n          testCaseStartedId,\n          timestamp: start\n        }\n      });\n      if (messages.enabled) {\n        cy.task(constants_1.TASK_TEST_STEP_STARTED, pickleStep.id, { log: false });\n      }\n      return cy.wrap(start, { log: false });\n    }).then((start) => {\n      const ensureChain = (value) => Cypress.isCy(value) ? value : cy.wrap(value, { log: false });\n      try {\n        return ensureChain(registry2.runStepDefininition(this, text, argument)).then((result) => {\n          return {\n            start,\n            result\n          };\n        });\n      } catch (e) {\n        if (e instanceof registry_1.MissingDefinitionError) {\n          throw new Error(createMissingStepDefinitionMessage(context, text));\n        } else {\n          throw e;\n        }\n      }\n    }).then(({ start, result }) => {\n      var _a3, _b2, _c2;\n      const end = createTimestamp();\n      if (result === \"pending\") {\n        messages.stack.push({\n          testStepFinished: {\n            testStepId: pickleStep.id,\n            testCaseStartedId,\n            testStepResult: {\n              status: Status.Pending,\n              duration: duration(start, end)\n            },\n            timestamp: end\n          }\n        });\n        remainingSteps.shift();\n        for (const skippedStep of remainingSteps) {\n          const testStepId = (0, assertions_1.assertAndReturn)((_b2 = (_a3 = skippedStep.hook) === null || _a3 === void 0 ? void 0 : _a3.id) !== null && _b2 !== void 0 ? _b2 : (_c2 = skippedStep.pickleStep) === null || _c2 === void 0 ? void 0 : _c2.id, \"Expected a step to either be a hook or a pickleStep\");\n          messages.stack.push({\n            testStepStarted: {\n              testStepId,\n              testCaseStartedId,\n              timestamp: createTimestamp()\n            }\n          });\n          messages.stack.push({\n            testStepFinished: {\n              testStepId,\n              testCaseStartedId,\n              testStepResult: {\n                status: Status.Skipped,\n                duration: {\n                  seconds: 0,\n                  nanos: 0\n                }\n              },\n              timestamp: createTimestamp()\n            }\n          });\n        }\n        for (let i = 0, count = remainingSteps.length; i < count; i++) {\n          remainingSteps.pop();\n        }\n        this.skip();\n      } else {\n        messages.stack.push({\n          testStepFinished: {\n            testStepId: pickleStep.id,\n            testCaseStartedId,\n            testStepResult: {\n              status: Status.Passed,\n              duration: duration(start, end)\n            },\n            timestamp: end\n          }\n        });\n        remainingSteps.shift();\n      }\n    });\n  }\n}",
              "err": {},
              "uuid": "238ed3a3-6112-4ec1-ad0a-6e66d9c23270",
              "parentUUID": "63063ab7-9714-4b95-b375-8dfe9fb352f3",
              "isHook": false,
              "skipped": false
            },
            {
              "title": "TC#14 Go to support page by clicking support button on contact support field",
              "fullTitle": "Contact with telnyx Experts TC#14 Go to support page by clicking support button on contact support field",
              "timedOut": null,
              "duration": 11229,
              "state": "passed",
              "speed": "slow",
              "pass": true,
              "fail": false,
              "pending": false,
              "context": null,
              "code": "var _a2, _b, _c, _d, _e;\nconst { remainingSteps, testCaseStartedId } = retrieveInternalProperties();\n(0, registry_1.assignRegistry)(registry2);\nmessages.stack.push({\n  testCaseStarted: {\n    id: testCaseStartedId,\n    testCaseId,\n    attempt: attempt++,\n    timestamp: createTimestamp()\n  }\n});\nwindow.testState = {\n  gherkinDocument,\n  pickles,\n  pickle\n};\nfor (const step of steps) {\n  if (step.hook) {\n    const hook = step.hook;\n    cy.then(() => {\n      Cypress.log({\n        name: \"step\",\n        displayName: hook.keyword,\n        message: \"\"\n      });\n      const start = createTimestamp();\n      messages.stack.push({\n        testStepStarted: {\n          testStepId: hook.id,\n          testCaseStartedId,\n          timestamp: start\n        }\n      });\n      if (messages.enabled) {\n        cy.task(constants_1.TASK_TEST_STEP_STARTED, hook.id, { log: false });\n      }\n      return cy.wrap(start, { log: false });\n    }).then((start) => {\n      registry2.runHook(this, hook);\n      return cy.wrap(start, { log: false });\n    }).then((start) => {\n      const end = createTimestamp();\n      messages.stack.push({\n        testStepFinished: {\n          testStepId: hook.id,\n          testCaseStartedId,\n          testStepResult: {\n            status: Status.Passed,\n            duration: duration(start, end)\n          },\n          timestamp: end\n        }\n      });\n      remainingSteps.shift();\n    });\n  } else if (step.pickleStep) {\n    const pickleStep = step.pickleStep;\n    const text = (0, assertions_1.assertAndReturn)(pickleStep.text, \"Expected pickle step to have a text\");\n    const scenarioStep = (0, assertions_1.assertAndReturn)(astIdMap.get((0, assertions_1.assertAndReturn)((_a2 = pickleStep.astNodeIds) === null || _a2 === void 0 ? void 0 : _a2[0], \"Expected to find at least one astNodeId\")), `Expected to find scenario step associated with id = ${(_b = pickleStep.astNodeIds) === null || _b === void 0 ? void 0 : _b[0]}`);\n    cy.then(() => {\n      Cypress.log({\n        name: \"step\",\n        displayName: (0, assertions_1.assertAndReturn)(\"keyword\" in scenarioStep && scenarioStep.keyword, \"Expected to find a keyword in the scenario step\"),\n        message: text\n      });\n    });\n    const argument = ((_c = pickleStep.argument) === null || _c === void 0 ? void 0 : _c.dataTable) ? new data_table_1.default(pickleStep.argument.dataTable) : ((_e = (_d = pickleStep.argument) === null || _d === void 0 ? void 0 : _d.docString) === null || _e === void 0 ? void 0 : _e.content) ? pickleStep.argument.docString.content : void 0;\n    cy.then(() => {\n      internalProperties.currentStep = { pickleStep };\n      const start = createTimestamp();\n      messages.stack.push({\n        testStepStarted: {\n          testStepId: pickleStep.id,\n          testCaseStartedId,\n          timestamp: start\n        }\n      });\n      if (messages.enabled) {\n        cy.task(constants_1.TASK_TEST_STEP_STARTED, pickleStep.id, { log: false });\n      }\n      return cy.wrap(start, { log: false });\n    }).then((start) => {\n      const ensureChain = (value) => Cypress.isCy(value) ? value : cy.wrap(value, { log: false });\n      try {\n        return ensureChain(registry2.runStepDefininition(this, text, argument)).then((result) => {\n          return {\n            start,\n            result\n          };\n        });\n      } catch (e) {\n        if (e instanceof registry_1.MissingDefinitionError) {\n          throw new Error(createMissingStepDefinitionMessage(context, text));\n        } else {\n          throw e;\n        }\n      }\n    }).then(({ start, result }) => {\n      var _a3, _b2, _c2;\n      const end = createTimestamp();\n      if (result === \"pending\") {\n        messages.stack.push({\n          testStepFinished: {\n            testStepId: pickleStep.id,\n            testCaseStartedId,\n            testStepResult: {\n              status: Status.Pending,\n              duration: duration(start, end)\n            },\n            timestamp: end\n          }\n        });\n        remainingSteps.shift();\n        for (const skippedStep of remainingSteps) {\n          const testStepId = (0, assertions_1.assertAndReturn)((_b2 = (_a3 = skippedStep.hook) === null || _a3 === void 0 ? void 0 : _a3.id) !== null && _b2 !== void 0 ? _b2 : (_c2 = skippedStep.pickleStep) === null || _c2 === void 0 ? void 0 : _c2.id, \"Expected a step to either be a hook or a pickleStep\");\n          messages.stack.push({\n            testStepStarted: {\n              testStepId,\n              testCaseStartedId,\n              timestamp: createTimestamp()\n            }\n          });\n          messages.stack.push({\n            testStepFinished: {\n              testStepId,\n              testCaseStartedId,\n              testStepResult: {\n                status: Status.Skipped,\n                duration: {\n                  seconds: 0,\n                  nanos: 0\n                }\n              },\n              timestamp: createTimestamp()\n            }\n          });\n        }\n        for (let i = 0, count = remainingSteps.length; i < count; i++) {\n          remainingSteps.pop();\n        }\n        this.skip();\n      } else {\n        messages.stack.push({\n          testStepFinished: {\n            testStepId: pickleStep.id,\n            testCaseStartedId,\n            testStepResult: {\n              status: Status.Passed,\n              duration: duration(start, end)\n            },\n            timestamp: end\n          }\n        });\n        remainingSteps.shift();\n      }\n    });\n  }\n}",
              "err": {},
              "uuid": "0d7309c9-6a61-4265-a316-bb91869d74bd",
              "parentUUID": "63063ab7-9714-4b95-b375-8dfe9fb352f3",
              "isHook": false,
              "skipped": false
            },
            {
              "title": "TC#15 Сhecking the presence of copyright element on the bottom of the page",
              "fullTitle": "Contact with telnyx Experts TC#15 Сhecking the presence of copyright element on the bottom of the page",
              "timedOut": null,
              "duration": 8500,
              "state": "passed",
              "speed": "medium",
              "pass": true,
              "fail": false,
              "pending": false,
              "context": null,
              "code": "var _a2, _b, _c, _d, _e;\nconst { remainingSteps, testCaseStartedId } = retrieveInternalProperties();\n(0, registry_1.assignRegistry)(registry2);\nmessages.stack.push({\n  testCaseStarted: {\n    id: testCaseStartedId,\n    testCaseId,\n    attempt: attempt++,\n    timestamp: createTimestamp()\n  }\n});\nwindow.testState = {\n  gherkinDocument,\n  pickles,\n  pickle\n};\nfor (const step of steps) {\n  if (step.hook) {\n    const hook = step.hook;\n    cy.then(() => {\n      Cypress.log({\n        name: \"step\",\n        displayName: hook.keyword,\n        message: \"\"\n      });\n      const start = createTimestamp();\n      messages.stack.push({\n        testStepStarted: {\n          testStepId: hook.id,\n          testCaseStartedId,\n          timestamp: start\n        }\n      });\n      if (messages.enabled) {\n        cy.task(constants_1.TASK_TEST_STEP_STARTED, hook.id, { log: false });\n      }\n      return cy.wrap(start, { log: false });\n    }).then((start) => {\n      registry2.runHook(this, hook);\n      return cy.wrap(start, { log: false });\n    }).then((start) => {\n      const end = createTimestamp();\n      messages.stack.push({\n        testStepFinished: {\n          testStepId: hook.id,\n          testCaseStartedId,\n          testStepResult: {\n            status: Status.Passed,\n            duration: duration(start, end)\n          },\n          timestamp: end\n        }\n      });\n      remainingSteps.shift();\n    });\n  } else if (step.pickleStep) {\n    const pickleStep = step.pickleStep;\n    const text = (0, assertions_1.assertAndReturn)(pickleStep.text, \"Expected pickle step to have a text\");\n    const scenarioStep = (0, assertions_1.assertAndReturn)(astIdMap.get((0, assertions_1.assertAndReturn)((_a2 = pickleStep.astNodeIds) === null || _a2 === void 0 ? void 0 : _a2[0], \"Expected to find at least one astNodeId\")), `Expected to find scenario step associated with id = ${(_b = pickleStep.astNodeIds) === null || _b === void 0 ? void 0 : _b[0]}`);\n    cy.then(() => {\n      Cypress.log({\n        name: \"step\",\n        displayName: (0, assertions_1.assertAndReturn)(\"keyword\" in scenarioStep && scenarioStep.keyword, \"Expected to find a keyword in the scenario step\"),\n        message: text\n      });\n    });\n    const argument = ((_c = pickleStep.argument) === null || _c === void 0 ? void 0 : _c.dataTable) ? new data_table_1.default(pickleStep.argument.dataTable) : ((_e = (_d = pickleStep.argument) === null || _d === void 0 ? void 0 : _d.docString) === null || _e === void 0 ? void 0 : _e.content) ? pickleStep.argument.docString.content : void 0;\n    cy.then(() => {\n      internalProperties.currentStep = { pickleStep };\n      const start = createTimestamp();\n      messages.stack.push({\n        testStepStarted: {\n          testStepId: pickleStep.id,\n          testCaseStartedId,\n          timestamp: start\n        }\n      });\n      if (messages.enabled) {\n        cy.task(constants_1.TASK_TEST_STEP_STARTED, pickleStep.id, { log: false });\n      }\n      return cy.wrap(start, { log: false });\n    }).then((start) => {\n      const ensureChain = (value) => Cypress.isCy(value) ? value : cy.wrap(value, { log: false });\n      try {\n        return ensureChain(registry2.runStepDefininition(this, text, argument)).then((result) => {\n          return {\n            start,\n            result\n          };\n        });\n      } catch (e) {\n        if (e instanceof registry_1.MissingDefinitionError) {\n          throw new Error(createMissingStepDefinitionMessage(context, text));\n        } else {\n          throw e;\n        }\n      }\n    }).then(({ start, result }) => {\n      var _a3, _b2, _c2;\n      const end = createTimestamp();\n      if (result === \"pending\") {\n        messages.stack.push({\n          testStepFinished: {\n            testStepId: pickleStep.id,\n            testCaseStartedId,\n            testStepResult: {\n              status: Status.Pending,\n              duration: duration(start, end)\n            },\n            timestamp: end\n          }\n        });\n        remainingSteps.shift();\n        for (const skippedStep of remainingSteps) {\n          const testStepId = (0, assertions_1.assertAndReturn)((_b2 = (_a3 = skippedStep.hook) === null || _a3 === void 0 ? void 0 : _a3.id) !== null && _b2 !== void 0 ? _b2 : (_c2 = skippedStep.pickleStep) === null || _c2 === void 0 ? void 0 : _c2.id, \"Expected a step to either be a hook or a pickleStep\");\n          messages.stack.push({\n            testStepStarted: {\n              testStepId,\n              testCaseStartedId,\n              timestamp: createTimestamp()\n            }\n          });\n          messages.stack.push({\n            testStepFinished: {\n              testStepId,\n              testCaseStartedId,\n              testStepResult: {\n                status: Status.Skipped,\n                duration: {\n                  seconds: 0,\n                  nanos: 0\n                }\n              },\n              timestamp: createTimestamp()\n            }\n          });\n        }\n        for (let i = 0, count = remainingSteps.length; i < count; i++) {\n          remainingSteps.pop();\n        }\n        this.skip();\n      } else {\n        messages.stack.push({\n          testStepFinished: {\n            testStepId: pickleStep.id,\n            testCaseStartedId,\n            testStepResult: {\n              status: Status.Passed,\n              duration: duration(start, end)\n            },\n            timestamp: end\n          }\n        });\n        remainingSteps.shift();\n      }\n    });\n  }\n}",
              "err": {},
              "uuid": "54f05b65-d763-4857-80db-905b442f7b33",
              "parentUUID": "63063ab7-9714-4b95-b375-8dfe9fb352f3",
              "isHook": false,
              "skipped": false
            }
          ],
          "suites": [],
          "passes": [
            "596d6353-292e-44dd-ba3d-855d9f0e7710",
            "5d40dbf9-cda6-4f01-9313-23cbb8e69936",
            "e5001089-1b5c-40ae-9f8d-bc0510c7661e",
            "23c8f72b-c9c3-4251-8f3b-d2fa09f288de",
            "238ed3a3-6112-4ec1-ad0a-6e66d9c23270",
            "0d7309c9-6a61-4265-a316-bb91869d74bd",
            "54f05b65-d763-4857-80db-905b442f7b33"
          ],
          "failures": [],
          "pending": [],
          "skipped": [],
          "duration": 71136,
          "root": false,
          "rootEmpty": false,
          "_timeout": 2000
        }
      ],
      "passes": [],
      "failures": [],
      "pending": [],
      "skipped": [],
      "duration": 0,
      "root": true,
      "rootEmpty": true,
      "_timeout": 2000
    }
  ],
  "meta": {
    "mocha": {
      "version": "7.0.1"
    },
    "mochawesome": {
      "options": {
        "quiet": false,
        "reportFilename": "mochawesome",
        "saveHtml": true,
        "saveJson": true,
        "consoleReporter": "spec",
        "useInlineDiffs": false,
        "code": true
      },
      "version": "7.1.3"
    },
    "marge": {
      "options": {
        "reportDir": "'cypress/results'",
        "overwrite": false,
        "html": true,
        "json": true
      },
      "version": "6.2.0"
    }
  }
}